<?xml version="1.0" encoding="UTF-8"?>
<testng-results ignored="0" total="1" passed="1" failed="0" skipped="0">
  <reporter-output>
  </reporter-output>
  <suite started-at="2023-09-24T19:10:58 BST" name="InetBankingV1" finished-at="2023-09-24T19:11:33 BST" duration-ms="34944">
    <groups>
    </groups>
    <test started-at="2023-09-24T19:10:58 BST" name="BankingApp Test" finished-at="2023-09-24T19:11:33 BST" duration-ms="34944">
      <class name="com.inetbanking.testCases.TC_LoginTest_001">
        <test-method is-config="true" signature="setup(java.lang.String)[pri:0, instance:com.inetbanking.testCases.TC_LoginTest_001@6db9f5a4]" started-at="2023-09-24T19:10:59 BST" name="setup" finished-at="2023-09-24T19:11:13 BST" duration-ms="14118" status="PASS">
          <params>
            <param index="0">
              <value>
                <![CDATA[chrome]]>
              </value>
            </param>
          </params>
          <reporter-output>
          </reporter-output>
        </test-method> <!-- setup -->
        <test-method signature="LoginTest()[pri:0, instance:com.inetbanking.testCases.TC_LoginTest_001@6db9f5a4]" started-at="2023-09-24T19:11:13 BST" name="LoginTest" finished-at="2023-09-24T19:11:32 BST" duration-ms="19558" status="PASS">
          <reporter-output>
          </reporter-output>
        </test-method> <!-- LoginTest -->
        <test-method is-config="true" signature="teardown()[pri:0, instance:com.inetbanking.testCases.TC_LoginTest_001@6db9f5a4]" started-at="2023-09-24T19:11:32 BST" name="teardown" finished-at="2023-09-24T19:11:33 BST" duration-ms="629" status="PASS">
          <reporter-output>
          </reporter-output>
        </test-method> <!-- teardown -->
      </class> <!-- com.inetbanking.testCases.TC_LoginTest_001 -->
    </test> <!-- BankingApp Test -->
  </suite> <!-- InetBankingV1 -->
</testng-results>
